[2026-03-30 03:40:01,201] INFO payments: Payment created: flw_1ec352fadc00fd5655bf9908
[2026-03-30 03:52:59,220] INFO payments: Payment created: flw_e3a3f5748bf4fba71b46eb15
[2026-03-30 03:53:56,869] INFO payments: Payment created: pst_0579fb28f56a83497f5dbe3b
[2026-03-30 03:53:58,038] INFO payments: Payment initialized: pst_0579fb28f56a83497f5dbe3b
[2026-03-30 04:11:03,872] INFO payments: Payment created: flw_d8c111cd227fbeda0c0c6c88
[2026-03-30 04:14:31,447] INFO payments: Payment created: pst_9fb063dd36b3f34856a780f8
[2026-03-30 04:14:33,460] INFO payments: Payment initialized: pst_9fb063dd36b3f34856a780f8
[2026-03-30 04:25:17,213] INFO payments: Payment created: flw_be5058714a430890388a48cc
[2026-03-30 04:27:04,386] INFO payments: Payment created: flw_8b4e3d2398349faf3cc9ae39
[2026-03-30 04:27:04,926] INFO payments: Flutterwave: {'status': 'error', 'message': 'Invalid authorization key', 'data': None}
[2026-03-30 04:32:01,354] INFO payments: Payment created: flw_58395047780b0437e835a446
[2026-03-30 04:32:03,139] INFO payments: Flutterwave: {'status': 'error', 'message': 'Invalid authorization key', 'data': None}
[2026-03-30 04:33:14,575] INFO payments: Payment created: flw_65bc72ba276bbeac2dab831a
[2026-03-30 04:33:15,380] INFO payments: Flutterwave: {'status': 'error', 'message': 'Invalid authorization key', 'data': None} DFYyjBXKQ0aHCgVOzEhWrUQhGJ46nP0Q
[2026-03-30 04:46:49,818] INFO payments: Payment created: flw_009b2a6202c835a842e6f907
[2026-03-30 04:46:51,988] INFO payments: Flutterwave: {'status': 'error', 'message': 'Invalid authorization key', 'data': None} DFYyjBXKQ0aHCgVOzEhWrUQhGJ46nP0Q
[2026-03-30 04:47:37,555] INFO payments: Payment created: flw_7ce3d180a105ed42ffc209db
[2026-03-30 04:47:38,098] INFO payments: Flutterwave: {'status': 'error', 'message': 'Invalid authorization key', 'data': None} DFYyjBXKQ0aHCgVOzEhWrUQhGJ46nP0Q
[2026-03-30 04:52:51,336] INFO payments: Payment created: flw_cc3bf52bdd982efbaa331c85
[2026-03-30 04:52:52,515] INFO payments: Payment initialized: flw_cc3bf52bdd982efbaa331c85
[2026-03-30 12:10:47,893] INFO payments: Payment created: flw_425e8e7c51699b061adf5a07
[2026-03-30 12:10:52,637] INFO payments: Payment initialized: flw_425e8e7c51699b061adf5a07
[2026-03-30 12:15:38,159] INFO payments: Payment created: pst_9d5ce650d4a93fde8edd991f
[2026-03-30 12:15:39,760] INFO payments: Payment initialized: pst_9d5ce650d4a93fde8edd991f
[2026-03-30 12:18:44,123] INFO payments: Payment created: pst_5fe111ded034aaa8f8fc9dee
[2026-03-30 12:18:45,000] INFO payments: Payment initialized: pst_5fe111ded034aaa8f8fc9dee
[2026-04-10 14:55:57,678] INFO payments: Payment created: pst_3ff7d5cf960656d2047e2918
[2026-04-10 15:05:48,167] INFO payments: Payment created: pst_4a9a85cd114df43ab6bf58fb
[2026-04-10 15:06:41,474] INFO payments: Payment created: flw_6e7d02d22061ba15de15c97b
[2026-04-10 15:06:51,582] INFO payments: Payment initialized: flw_6e7d02d22061ba15de15c97b
[2026-04-15 01:50:37,050] INFO payments: Payment created: pst_631363d7710dc8d25ee5f4e9
[2026-04-15 01:51:17,446] INFO payments: Payment created: flw_851232ad9a6b1754198eef92
[2026-04-15 01:51:18,960] INFO payments: Payment initialized: flw_851232ad9a6b1754198eef92
[2026-04-16 11:48:41,228] INFO payments: Payment created: pst_4f84932fb375cccebb7f984e
[2026-04-16 11:49:58,172] INFO payments: Payment created: flw_0a189b22de10d6694ce9d237
[2026-04-16 11:50:00,938] INFO payments: Payment initialized: flw_0a189b22de10d6694ce9d237
[2026-04-17 12:08:49,674] INFO payments: Payment created: pst_8fd05e38a49108de75373323
[2026-04-17 12:12:08,875] INFO payments: Payment created: pst_b8512f74780336e92a250a22
